<?xml version="1.0" encoding="UTF-8"?>
<!-- Generated by org.testng.reporters.JUnitXMLReporter -->
<testsuite ignored="0" hostname="CF-V222WHXV3Y" failures="1" tests="1" name="Checkout" time="15.161" errors="0" timestamp="2024-05-06T17:53:45 IST">
  <testcase classname="Checkout" name="guestCheckoutTest" time="5.821">
    <failure type="java.lang.AssertionError" message="Test failed: stale element reference: element is not attached to the page document
  (Session info: chrome=91.0.4472.114)
For documentation on this error, please visit: https://selenium.dev/exceptions/#stale_element_reference
Build info: version: &amp;apos;4.5.0&amp;apos;, revision: &amp;apos;fe167b119a&amp;apos;
System info: os.name: &amp;apos;Mac OS X&amp;apos;, os.arch: &amp;apos;x86_64&amp;apos;, os.version: &amp;apos;14.4.1&amp;apos;, java.version: &amp;apos;17.0.1&amp;apos;
Driver info: io.appium.java_client.android.AndroidDriver
Command: [22511aad-63bb-47ce-ae4c-ad5d859851ab, clickElement {id=ae49a820-41e5-4805-964f-425d99a73d9f}]
Capabilities {appium:appActivity: com.google.android.apps.chr..., appium:appPackage: com.android.chrome, appium:databaseEnabled: false, appium:desired: {browserName: chrome, browserVersion: 106, deviceName: N000TA1183962301141, goog:chromeOptions: {args: [], extensions: []}, platformName: android}, appium:deviceApiLevel: 32, appium:deviceManufacturer: Google, appium:deviceModel: sdk_gphone64_arm64, appium:deviceName: emulator-5554, appium:deviceScreenDensity: 560, appium:deviceScreenSize: 1440x3040, appium:deviceUDID: emulator-5554, appium:javascriptEnabled: true, appium:locationContextEnabled: false, appium:networkConnectionEnabled: true, appium:pixelRatio: 3.5, appium:platformVersion: 12, appium:statBarHeight: 84, appium:takesScreenshot: true, appium:viewportRect: {height: 2900, left: 0, top: 84, width: 1440}, appium:warnings: {}, appium:webStorageEnabled: false, browserName: chrome, browserVersion: 106, goog:chromeOptions: {args: [], extensions: []}, platformName: ANDROID}
Element: [[AndroidDriver: chrome on ANDROID (22511aad-63bb-47ce-ae4c-ad5d859851ab)] -&amp;gt; xpath: //*[contains(text(), &amp;apos;Existing User?&amp;apos;)]]
Session ID: 22511aad-63bb-47ce-ae4c-ad5d859851ab">
      <![CDATA[java.lang.AssertionError: Test failed: stale element reference: element is not attached to the page document
  (Session info: chrome=91.0.4472.114)
For documentation on this error, please visit: https://selenium.dev/exceptions/#stale_element_reference
Build info: version: '4.5.0', revision: 'fe167b119a'
System info: os.name: 'Mac OS X', os.arch: 'x86_64', os.version: '14.4.1', java.version: '17.0.1'
Driver info: io.appium.java_client.android.AndroidDriver
Command: [22511aad-63bb-47ce-ae4c-ad5d859851ab, clickElement {id=ae49a820-41e5-4805-964f-425d99a73d9f}]
Capabilities {appium:appActivity: com.google.android.apps.chr..., appium:appPackage: com.android.chrome, appium:databaseEnabled: false, appium:desired: {browserName: chrome, browserVersion: 106, deviceName: N000TA1183962301141, goog:chromeOptions: {args: [], extensions: []}, platformName: android}, appium:deviceApiLevel: 32, appium:deviceManufacturer: Google, appium:deviceModel: sdk_gphone64_arm64, appium:deviceName: emulator-5554, appium:deviceScreenDensity: 560, appium:deviceScreenSize: 1440x3040, appium:deviceUDID: emulator-5554, appium:javascriptEnabled: true, appium:locationContextEnabled: false, appium:networkConnectionEnabled: true, appium:pixelRatio: 3.5, appium:platformVersion: 12, appium:statBarHeight: 84, appium:takesScreenshot: true, appium:viewportRect: {height: 2900, left: 0, top: 84, width: 1440}, appium:warnings: {}, appium:webStorageEnabled: false, browserName: chrome, browserVersion: 106, goog:chromeOptions: {args: [], extensions: []}, platformName: ANDROID}
Element: [[AndroidDriver: chrome on ANDROID (22511aad-63bb-47ce-ae4c-ad5d859851ab)] -> xpath: //*[contains(text(), 'Existing User?')]]
Session ID: 22511aad-63bb-47ce-ae4c-ad5d859851ab
at Checkout.guestCheckoutTest(Checkout.java:54)
at java.base/java.util.ArrayList.forEach(ArrayList.java:1511)
at com.intellij.rt.testng.IDEARemoteTestNG.run(IDEARemoteTestNG.java:66)
at com.intellij.rt.testng.RemoteTestNGStarter.main(RemoteTestNGStarter.java:109)
... Removed 25 stack frames]]>
    </failure>
  </testcase> <!-- guestCheckoutTest -->
</testsuite> <!-- Checkout -->
