<?xml version="1.0" encoding="UTF-8"?>
<!-- Generated by org.testng.reporters.JUnitXMLReporter -->
<testsuite ignored="0" hostname="CF-V222WHXV3Y" failures="0" tests="5" name="VerifyPDPs" time="97.18" errors="0" timestamp="2024-05-06T13:02:00 IST">
  <testcase classname="VerifyPDPs" name="CardioPDP" time="14.52"/>
  <testcase classname="VerifyPDPs" name="CyclePDP" time="12.589"/>
  <testcase classname="VerifyPDPs" name="FootwearPDP" time="21.074"/>
  <testcase classname="VerifyPDPs" name="MenPDP" time="8.21"/>
  <testcase classname="VerifyPDPs" name="WomenPDP" time="8.072"/>
</testsuite> <!-- VerifyPDPs -->
