<?xml version="1.0" encoding="UTF-8"?>
<testng-results ignored="0" total="0" passed="0" failed="0" skipped="0">
  <reporter-output>
  </reporter-output>
  <suite started-at="2024-05-02T16:24:45 IST" name="BaseTest" finished-at="2024-05-02T16:24:46 IST" duration-ms="31">
    <groups>
    </groups>
    <test started-at="2024-05-02T16:24:45 IST" name="Command line test" finished-at="2024-05-02T16:24:46 IST" duration-ms="31">
    </test> <!-- Command line test -->
  </suite> <!-- BaseTest -->
</testng-results>
